<?xml version="1.0" encoding="UTF-8"?>
<testng-results skipped="0" failed="0" ignored="0" total="1" passed="1">
  <reporter-output>
  </reporter-output>
  <suite name="Default suite" duration-ms="12802" started-at="2019-02-12T10:47:22Z" finished-at="2019-02-12T10:47:35Z">
    <groups>
    </groups>
    <test name="Default test" duration-ms="12802" started-at="2019-02-12T10:47:22Z" finished-at="2019-02-12T10:47:35Z">
      <class name="com.test.base_project.NewTest">
        <test-method status="PASS" signature="beforeTest()[pri:0, instance:com.test.base_project.NewTest@523884b2]" name="beforeTest" is-config="true" duration-ms="7833" started-at="2019-02-12T10:47:22Z" finished-at="2019-02-12T10:47:30Z">
          <reporter-output>
          </reporter-output>
        </test-method> <!-- beforeTest -->
        <test-method status="PASS" signature="wishTripScenario()[pri:0, instance:com.test.base_project.NewTest@523884b2]" name="wishTripScenario" duration-ms="4718" started-at="2019-02-12T10:47:30Z" finished-at="2019-02-12T10:47:34Z">
          <reporter-output>
          </reporter-output>
        </test-method> <!-- wishTripScenario -->
        <test-method status="PASS" signature="afterTest()[pri:0, instance:com.test.base_project.NewTest@523884b2]" name="afterTest" is-config="true" duration-ms="199" started-at="2019-02-12T10:47:34Z" finished-at="2019-02-12T10:47:35Z">
          <reporter-output>
          </reporter-output>
        </test-method> <!-- afterTest -->
      </class> <!-- com.test.base_project.NewTest -->
    </test> <!-- Default test -->
  </suite> <!-- Default suite -->
</testng-results>
